[debug] [2020-05-14T02:03:06.937Z] ----------------------------------------------------------------------
[debug] [2020-05-14T02:03:06.939Z] Command:       /usr/local/bin/node /usr/local/bin/firebase init
[debug] [2020-05-14T02:03:06.939Z] CLI Version:   6.8.0
[debug] [2020-05-14T02:03:06.939Z] Platform:      darwin
[debug] [2020-05-14T02:03:06.940Z] Node Version:  v12.14.1
[debug] [2020-05-14T02:03:06.941Z] Time:          Wed May 13 2020 22:03:06 GMT-0400 (Eastern Daylight Time)
[debug] [2020-05-14T02:03:06.941Z] ----------------------------------------------------------------------
[debug] 
[debug] [2020-05-14T02:03:06.952Z] > command requires scopes: ["email","openid","https://www.googleapis.com/auth/cloudplatformprojects.readonly","https://www.googleapis.com/auth/firebase","https://www.googleapis.com/auth/cloud-platform"]
[debug] [2020-05-14T02:03:06.952Z] > authorizing via signed-in user
[info] 
     ######## #### ########  ######## ########     ###     ######  ########
     ##        ##  ##     ## ##       ##     ##  ##   ##  ##       ##
     ######    ##  ########  ######   ########  #########  ######  ######
     ##        ##  ##    ##  ##       ##     ## ##     ##       ## ##
     ##       #### ##     ## ######## ########  ##     ##  ######  ########

You're about to initialize a Firebase project in this directory:

  /Users/ryanpeterson/Web Development/Projects/album-cloud/client

[info] 
=== Project Setup
[info] 
[info] First, let's associate this project directory with a Firebase project.
[info] You can create multiple project aliases by running firebase use --add, 
[info] but for now we'll just set up a default project.
[info] 
[debug] [2020-05-14T02:03:11.119Z] > refreshing access token with scopes: ["email","https://www.googleapis.com/auth/cloud-platform","https://www.googleapis.com/auth/cloudplatformprojects.readonly","https://www.googleapis.com/auth/firebase","openid"]
[debug] [2020-05-14T02:03:11.119Z] >>> HTTP REQUEST POST https://www.googleapis.com/oauth2/v3/token  
 <request body omitted>
[debug] [2020-05-14T02:03:11.298Z] <<< HTTP RESPONSE 200
[debug] [2020-05-14T02:03:11.307Z] >>> HTTP REQUEST GET https://firebase.googleapis.com/v1beta1/projects?page_size=100  
 
[debug] [2020-05-14T02:03:12.012Z] <<< HTTP RESPONSE 200
[info] i  Using project album-cloud-8c72f (album-cloud)
[info] 
=== Hosting Setup
[info] 
[info] Your public directory is the folder (relative to your project directory) that
[info] will contain Hosting assets to be uploaded with firebase deploy. If you
[info] have a build process for your assets, use your build's output directory.
[info] 
